2025-06-21 21:39:02,091 - fdic_crawler - INFO - Starting up FDIC Crawler application
2025-06-21 21:39:02,093 - fdic_crawler - INFO - Scheduler started with interval: every 12 hours
2025-06-21 21:39:44,683 - fdic_crawler - INFO - Shutting down FDIC Crawler application
2025-06-21 21:39:44,683 - fdic_crawler - INFO - Scheduler shutdown
2025-06-21 21:39:45,152 - fdic_crawler - INFO - Starting up FDIC Crawler application
2025-06-21 21:39:45,152 - fdic_crawler - INFO - Scheduler started with interval: every 12 hours
2025-06-21 21:40:00,481 - fdic_crawler - INFO - Shutting down FDIC Crawler application
2025-06-21 21:40:00,482 - fdic_crawler - INFO - Scheduler shutdown
2025-06-21 21:40:01,043 - fdic_crawler - INFO - Starting up FDIC Crawler application
2025-06-21 21:40:01,043 - fdic_crawler - INFO - Scheduler started with interval: every 12 hours
2025-06-21 21:41:56,288 - fdic_crawler - INFO - Shutting down FDIC Crawler application
2025-06-21 21:41:56,288 - fdic_crawler - INFO - Scheduler shutdown
2025-06-21 21:41:56,709 - crawler - INFO - Starting up FDIC Crawler application
2025-06-21 21:41:56,709 - crawler - INFO - Scheduler started with interval: every 12 hours
2025-06-21 22:40:21,371 - crawler - INFO - Shutting down FDIC Crawler application
2025-06-21 22:40:21,371 - crawler - INFO - Scheduler shutdown
2025-06-21 22:40:23,817 - crawler - INFO - Starting up FDIC Crawler application
2025-06-21 22:40:23,817 - crawler - INFO - Scheduler started with interval: every 12 hours
2025-06-21 22:40:43,062 - crawler - INFO - Starting scheduled crawl job
2025-06-21 22:40:43,062 - crawler - INFO - Crawling https://www.fdic.gov/risk-management-manual-examination-policies (depth 0)
2025-06-21 22:40:56,210 - crawler - INFO - Successfully generated PDF from https://www.fdic.gov/risk-management-manual-examination-policies to /home/user/projects/personal/website-crawler/storage/html_pdfs/www.fdic.gov_risk-management-manual-examination-policies_20250621_224044.pdf
2025-06-21 22:40:56,261 - crawler - INFO - Crawling https://www.fdic.gov/espanol (depth 1)
2025-06-21 22:40:56,261 - crawler - INFO - Crawling https://www.fdic.gov/ (depth 1)
2025-06-21 22:40:56,261 - crawler - INFO - Crawling https://www.fdic.gov/about (depth 1)
2025-06-21 22:40:56,262 - crawler - INFO - Crawling https://www.fdic.gov/about/what-we-do (depth 1)
2025-06-21 22:40:56,262 - crawler - INFO - Crawling https://www.fdic.gov/about/board-directors-senior-executives (depth 1)
2025-06-21 22:40:56,262 - crawler - INFO - Crawling https://www.fdic.gov/careers (depth 1)
2025-06-21 22:40:56,262 - crawler - INFO - Crawling https://www.fdic.gov/about/initiatives (depth 1)
2025-06-21 22:40:56,262 - crawler - INFO - Crawling https://www.fdic.gov/strategic-plans (depth 1)
2025-06-21 22:40:56,263 - crawler - INFO - Crawling https://www.fdic.gov/financial-reports (depth 1)
2025-06-21 22:40:56,263 - crawler - INFO - Crawling https://www.fdic.gov/history (depth 1)
2025-06-21 22:40:56,263 - crawler - INFO - Crawling https://www.fdic.gov/about/fdic-governance (depth 1)
2025-06-21 22:40:56,263 - crawler - INFO - Crawling https://www.fdic.gov/about/about-ombudsman (depth 1)
2025-06-21 22:40:56,263 - crawler - INFO - Crawling https://www.fdic.gov/doing-business-fdic (depth 1)
2025-06-21 22:40:56,264 - crawler - INFO - Crawling https://www.fdic.gov/news/press-releases/2025/fdic-insured-institutions-reported-return-assets-116-percent-and-net (depth 1)
2025-06-21 22:40:56,264 - crawler - INFO - Crawling https://www.fdic.gov/news/press-releases/2025/fdic-insured-institutions-reported-return-assets-111-percent-and-net (depth 1)
2025-06-21 22:40:56,264 - crawler - INFO - Crawling https://www.fdic.gov/news/press-releases/2025/fdic-withdraws-network-central-banks-and-supervisors-greening-financial (depth 1)
2025-06-21 22:40:56,265 - crawler - INFO - Crawling https://www.fdic.gov/news/press-releases/2025/millennium-bank-des-plaines-ill-assumes-all-deposits-pulaski-savings-bank (depth 1)
2025-06-21 22:40:56,265 - crawler - INFO - Crawling https://www.fdic.gov/resources (depth 1)
2025-06-21 22:40:56,265 - crawler - INFO - Crawling https://www.fdic.gov/consumer-resource-center (depth 1)
2025-06-21 22:40:56,265 - crawler - INFO - Crawling https://www.fdic.gov/banker-resource-center (depth 1)
2025-06-21 22:40:56,265 - crawler - INFO - Crawling https://www.fdic.gov/resources/deposit-insurance (depth 1)
2025-06-21 22:40:56,266 - crawler - INFO - Crawling https://www.fdic.gov/bank-examinations (depth 1)
2025-06-21 22:40:56,266 - crawler - INFO - Crawling https://www.fdic.gov/laws-and-regulations (depth 1)
2025-06-21 22:40:56,266 - crawler - INFO - Crawling https://www.fdic.gov/resolutions (depth 1)
2025-06-21 22:40:56,266 - crawler - INFO - Crawling https://www.fdic.gov/publications (depth 1)
2025-06-21 22:40:56,266 - crawler - INFO - Crawling https://www.fdic.gov/formsdocuments (depth 1)
2025-06-21 22:40:56,267 - crawler - INFO - Crawling https://www.fdic.gov/resources/data-tools (depth 1)
2025-06-21 22:40:56,267 - crawler - INFO - Crawling https://www.fdic.gov/community-banking-research-program (depth 1)
2025-06-21 22:40:56,267 - crawler - INFO - Crawling https://www.fdic.gov/international-affairs/international-seminars (depth 1)
2025-06-21 22:40:56,267 - crawler - INFO - Crawling https://www.fdic.gov/analysis (depth 1)
2025-06-21 22:40:56,268 - crawler - INFO - Crawling https://www.fdic.gov/center-financial-research (depth 1)
2025-06-21 22:40:56,268 - crawler - INFO - Crawling https://www.fdic.gov/consumer-research (depth 1)
2025-06-21 22:40:56,268 - crawler - INFO - Crawling https://www.fdic.gov/household-survey (depth 1)
2025-06-21 22:40:56,268 - crawler - INFO - Crawling https://www.fdic.gov/quarterly-banking-profile (depth 1)
2025-06-21 22:40:56,268 - crawler - INFO - Crawling https://www.fdic.gov/center-financial-research/academic-challenge (depth 1)
2025-06-21 22:40:56,269 - crawler - INFO - Crawling https://www.fdic.gov/quarterly-banking-profile/fdic-banking-issues-focus (depth 1)
2025-06-21 22:40:56,269 - crawler - INFO - Crawling https://www.fdic.gov/analysis/risk-review (depth 1)
2025-06-21 22:40:56,269 - crawler - INFO - Crawling https://www.fdic.gov/quarterly-banking-profile/fdic-quarterly-banking-profile-first-quarter-2025 (depth 1)
2025-06-21 22:40:56,269 - crawler - INFO - Crawling https://www.fdic.gov/quarterly-banking-profile/fdic-quarterly-banking-profile-fourth-quarter-2024 (depth 1)
2025-06-21 22:40:56,269 - crawler - INFO - Crawling https://www.fdic.gov/quarterly-banking-profile/fdic-quarterly-banking-profile-third-quarter-2024 (depth 1)
2025-06-21 22:40:56,270 - crawler - INFO - Crawling https://www.fdic.gov/quarterly-banking-profile/fdic-quarterly-banking-profile-second-quarter-2024 (depth 1)
2025-06-21 22:40:56,270 - crawler - INFO - Crawling https://www.fdic.gov/news (depth 1)
2025-06-21 22:40:56,270 - crawler - INFO - Crawling https://www.fdic.gov/news/press-releases (depth 1)
2025-06-21 22:40:56,270 - crawler - INFO - Crawling https://www.fdic.gov/news/financial-institution-letters (depth 1)
2025-06-21 22:40:56,270 - crawler - INFO - Crawling https://www.fdic.gov/news/events (depth 1)
2025-06-21 22:40:56,271 - crawler - INFO - Crawling https://www.fdic.gov/news/board-matters (depth 1)
2025-06-21 22:40:56,271 - crawler - INFO - Crawling https://www.fdic.gov/news/disaster (depth 1)
2025-06-21 22:40:56,271 - crawler - INFO - Crawling https://www.fdic.gov/news/campaigns (depth 1)
2025-06-21 22:40:56,271 - crawler - INFO - Crawling https://www.fdic.gov/news/speeches (depth 1)
2025-06-21 22:41:20,720 - crawler - INFO - Successfully generated PDF from https://www.fdic.gov/strategic-plans to /home/user/projects/personal/website-crawler/storage/html_pdfs/www.fdic.gov_strategic-plans_20250621_224056.pdf
2025-06-21 22:41:23,215 - crawler - INFO - Successfully generated PDF from https://www.fdic.gov/resolutions to /home/user/projects/personal/website-crawler/storage/html_pdfs/www.fdic.gov_resolutions_20250621_224058.pdf
2025-06-21 22:41:23,288 - crawler - INFO - Successfully generated PDF from https://www.fdic.gov/formsdocuments to /home/user/projects/personal/website-crawler/storage/html_pdfs/www.fdic.gov_formsdocuments_20250621_224056.pdf
2025-06-21 22:41:23,445 - crawler - INFO - Successfully generated PDF from https://www.fdic.gov/news/speeches to /home/user/projects/personal/website-crawler/storage/html_pdfs/www.fdic.gov_news_speeches_20250621_224057.pdf
2025-06-21 22:41:24,797 - crawler - INFO - Successfully generated PDF from https://www.fdic.gov/consumer-resource-center to /home/user/projects/personal/website-crawler/storage/html_pdfs/www.fdic.gov_consumer-resource-center_20250621_224058.pdf
2025-06-21 22:41:25,394 - crawler - INFO - Successfully generated PDF from https://www.fdic.gov/about to /home/user/projects/personal/website-crawler/storage/html_pdfs/www.fdic.gov_about_20250621_224057.pdf
2025-06-21 22:41:28,603 - crawler - ERROR - Error generating PDF from https://www.fdic.gov/careers: Page.goto: Timeout 30000ms exceeded.
Call log:
  - navigating to "https://www.fdic.gov/careers", waiting until "networkidle"

2025-06-21 22:41:28,815 - crawler - ERROR - Error generating PDF from https://www.fdic.gov/news/press-releases/2025/fdic-insured-institutions-reported-return-assets-116-percent-and-net: Page.goto: Timeout 30000ms exceeded.
Call log:
  - navigating to "https://www.fdic.gov/news/press-releases/2025/fdic-insured-institutions-reported-return-assets-116-percent-and-net", waiting until "networkidle"

2025-06-21 22:41:28,905 - crawler - ERROR - Error generating PDF from https://www.fdic.gov/: Page.goto: Timeout 30000ms exceeded.
Call log:
  - navigating to "https://www.fdic.gov/", waiting until "networkidle"

2025-06-21 22:41:29,106 - crawler - ERROR - Error generating PDF from https://www.fdic.gov/about/board-directors-senior-executives: Page.goto: Timeout 30000ms exceeded.
Call log:
  - navigating to "https://www.fdic.gov/about/board-directors-senior-executives", waiting until "networkidle"

2025-06-21 22:41:29,481 - crawler - ERROR - Error generating PDF from https://www.fdic.gov/analysis/risk-review: Page.goto: Timeout 30000ms exceeded.
Call log:
  - navigating to "https://www.fdic.gov/analysis/risk-review", waiting until "networkidle"

2025-06-21 22:41:29,530 - crawler - ERROR - Error generating PDF from https://www.fdic.gov/about/about-ombudsman: Page.goto: Timeout 30000ms exceeded.
Call log:
  - navigating to "https://www.fdic.gov/about/about-ombudsman", waiting until "networkidle"

2025-06-21 22:41:29,574 - crawler - ERROR - Error generating PDF from https://www.fdic.gov/news/campaigns: Page.goto: Timeout 30000ms exceeded.
Call log:
  - navigating to "https://www.fdic.gov/news/campaigns", waiting until "networkidle"

2025-06-21 22:41:29,604 - crawler - ERROR - Error generating PDF from https://www.fdic.gov/financial-reports: Page.goto: Timeout 30000ms exceeded.
Call log:
  - navigating to "https://www.fdic.gov/financial-reports", waiting until "networkidle"

2025-06-21 22:41:29,649 - crawler - ERROR - Error generating PDF from https://www.fdic.gov/news/press-releases/2025/millennium-bank-des-plaines-ill-assumes-all-deposits-pulaski-savings-bank: Page.goto: Timeout 30000ms exceeded.
Call log:
  - navigating to "https://www.fdic.gov/news/press-releases/2025/millennium-bank-des-plaines-ill-assumes-all-deposits-pulaski-savings-bank", waiting until "networkidle"

2025-06-21 22:41:30,296 - crawler - ERROR - Error generating PDF from https://www.fdic.gov/news: Page.goto: Timeout 30000ms exceeded.
Call log:
  - navigating to "https://www.fdic.gov/news", waiting until "networkidle"

2025-06-21 22:41:30,337 - crawler - ERROR - Error generating PDF from https://www.fdic.gov/bank-examinations: Page.goto: Timeout 30000ms exceeded.
Call log:
  - navigating to "https://www.fdic.gov/bank-examinations", waiting until "networkidle"

2025-06-21 22:41:30,470 - crawler - ERROR - Error generating PDF from https://www.fdic.gov/history: Page.goto: Timeout 30000ms exceeded.
Call log:
  - navigating to "https://www.fdic.gov/history", waiting until "networkidle"

2025-06-21 22:41:30,501 - crawler - ERROR - Error generating PDF from https://www.fdic.gov/quarterly-banking-profile/fdic-quarterly-banking-profile-second-quarter-2024: Page.goto: Timeout 30000ms exceeded.
Call log:
  - navigating to "https://www.fdic.gov/quarterly-banking-profile/fdic-quarterly-banking-profile-second-quarter-2024", waiting until "networkidle"

2025-06-21 22:41:30,544 - crawler - ERROR - Error generating PDF from https://www.fdic.gov/doing-business-fdic: Page.goto: Timeout 30000ms exceeded.
Call log:
  - navigating to "https://www.fdic.gov/doing-business-fdic", waiting until "networkidle"

2025-06-21 22:41:30,739 - crawler - ERROR - Error generating PDF from https://www.fdic.gov/espanol: Page.goto: Timeout 30000ms exceeded.
Call log:
  - navigating to "https://www.fdic.gov/espanol", waiting until "networkidle"

2025-06-21 22:41:30,783 - crawler - ERROR - Error generating PDF from https://www.fdic.gov/about/initiatives: Page.goto: Timeout 30000ms exceeded.
Call log:
  - navigating to "https://www.fdic.gov/about/initiatives", waiting until "networkidle"

2025-06-21 22:41:30,872 - crawler - ERROR - Error generating PDF from https://www.fdic.gov/resources/data-tools: Page.goto: Timeout 30000ms exceeded.
Call log:
  - navigating to "https://www.fdic.gov/resources/data-tools", waiting until "networkidle"

2025-06-21 22:41:30,921 - crawler - ERROR - Error generating PDF from https://www.fdic.gov/news/press-releases/2025/fdic-insured-institutions-reported-return-assets-111-percent-and-net: Page.goto: Timeout 30000ms exceeded.
Call log:
  - navigating to "https://www.fdic.gov/news/press-releases/2025/fdic-insured-institutions-reported-return-assets-111-percent-and-net", waiting until "networkidle"

2025-06-21 22:41:31,060 - crawler - ERROR - Error generating PDF from https://www.fdic.gov/about/what-we-do: Page.goto: Timeout 30000ms exceeded.
Call log:
  - navigating to "https://www.fdic.gov/about/what-we-do", waiting until "networkidle"

2025-06-21 22:41:31,096 - crawler - ERROR - Error generating PDF from https://www.fdic.gov/laws-and-regulations: Page.goto: Timeout 30000ms exceeded.
Call log:
  - navigating to "https://www.fdic.gov/laws-and-regulations", waiting until "networkidle"

2025-06-21 22:41:31,127 - crawler - ERROR - Error generating PDF from https://www.fdic.gov/resources: Page.goto: Timeout 30000ms exceeded.
Call log:
  - navigating to "https://www.fdic.gov/resources", waiting until "networkidle"

2025-06-21 22:41:31,159 - crawler - ERROR - Error generating PDF from https://www.fdic.gov/news/events: Page.goto: Timeout 30000ms exceeded.
Call log:
  - navigating to "https://www.fdic.gov/news/events", waiting until "networkidle"

2025-06-21 22:41:31,289 - crawler - ERROR - Error generating PDF from https://www.fdic.gov/quarterly-banking-profile/fdic-quarterly-banking-profile-first-quarter-2025: Page.goto: Timeout 30000ms exceeded.
Call log:
  - navigating to "https://www.fdic.gov/quarterly-banking-profile/fdic-quarterly-banking-profile-first-quarter-2025", waiting until "networkidle"

2025-06-21 22:41:31,326 - crawler - ERROR - Error generating PDF from https://www.fdic.gov/news/financial-institution-letters: Page.goto: Timeout 30000ms exceeded.
Call log:
  - navigating to "https://www.fdic.gov/news/financial-institution-letters", waiting until "networkidle"

2025-06-21 22:41:31,366 - crawler - ERROR - Error generating PDF from https://www.fdic.gov/center-financial-research/academic-challenge: Page.goto: Timeout 30000ms exceeded.
Call log:
  - navigating to "https://www.fdic.gov/center-financial-research/academic-challenge", waiting until "networkidle"

2025-06-21 22:41:31,400 - crawler - ERROR - Error generating PDF from https://www.fdic.gov/center-financial-research: Page.goto: Timeout 30000ms exceeded.
Call log:
  - navigating to "https://www.fdic.gov/center-financial-research", waiting until "networkidle"

2025-06-21 22:41:31,434 - crawler - ERROR - Error generating PDF from https://www.fdic.gov/quarterly-banking-profile/fdic-quarterly-banking-profile-fourth-quarter-2024: Page.goto: Timeout 30000ms exceeded.
Call log:
  - navigating to "https://www.fdic.gov/quarterly-banking-profile/fdic-quarterly-banking-profile-fourth-quarter-2024", waiting until "networkidle"

2025-06-21 22:41:31,588 - crawler - ERROR - Error generating PDF from https://www.fdic.gov/community-banking-research-program: Page.goto: Timeout 30000ms exceeded.
Call log:
  - navigating to "https://www.fdic.gov/community-banking-research-program", waiting until "networkidle"

2025-06-21 22:41:31,634 - crawler - ERROR - Error generating PDF from https://www.fdic.gov/household-survey: Page.goto: Timeout 30000ms exceeded.
Call log:
  - navigating to "https://www.fdic.gov/household-survey", waiting until "networkidle"

2025-06-21 22:41:31,668 - crawler - ERROR - Error generating PDF from https://www.fdic.gov/international-affairs/international-seminars: Page.goto: Timeout 30000ms exceeded.
Call log:
  - navigating to "https://www.fdic.gov/international-affairs/international-seminars", waiting until "networkidle"

2025-06-21 22:41:31,695 - crawler - ERROR - Error generating PDF from https://www.fdic.gov/news/press-releases/2025/fdic-withdraws-network-central-banks-and-supervisors-greening-financial: Page.goto: Timeout 30000ms exceeded.
Call log:
  - navigating to "https://www.fdic.gov/news/press-releases/2025/fdic-withdraws-network-central-banks-and-supervisors-greening-financial", waiting until "networkidle"

2025-06-21 22:41:31,722 - crawler - ERROR - Error generating PDF from https://www.fdic.gov/publications: Page.goto: Timeout 30000ms exceeded.
Call log:
  - navigating to "https://www.fdic.gov/publications", waiting until "networkidle"

2025-06-21 22:41:31,759 - crawler - ERROR - Error generating PDF from https://www.fdic.gov/news/press-releases: Page.goto: Timeout 30000ms exceeded.
Call log:
  - navigating to "https://www.fdic.gov/news/press-releases", waiting until "networkidle"

2025-06-21 22:41:31,798 - crawler - ERROR - Error generating PDF from https://www.fdic.gov/quarterly-banking-profile/fdic-banking-issues-focus: Page.goto: Timeout 30000ms exceeded.
Call log:
  - navigating to "https://www.fdic.gov/quarterly-banking-profile/fdic-banking-issues-focus", waiting until "networkidle"

2025-06-21 22:41:31,891 - crawler - ERROR - Error generating PDF from https://www.fdic.gov/news/disaster: Page.goto: Timeout 30000ms exceeded.
Call log:
  - navigating to "https://www.fdic.gov/news/disaster", waiting until "networkidle"

2025-06-21 22:41:31,918 - crawler - ERROR - Error generating PDF from https://www.fdic.gov/analysis: Page.goto: Timeout 30000ms exceeded.
Call log:
  - navigating to "https://www.fdic.gov/analysis", waiting until "networkidle"

2025-06-21 22:41:31,948 - crawler - ERROR - Error generating PDF from https://www.fdic.gov/about/fdic-governance: Page.goto: Timeout 30000ms exceeded.
Call log:
  - navigating to "https://www.fdic.gov/about/fdic-governance", waiting until "networkidle"

2025-06-21 22:41:31,978 - crawler - ERROR - Error generating PDF from https://www.fdic.gov/quarterly-banking-profile: Page.goto: Timeout 30000ms exceeded.
Call log:
  - navigating to "https://www.fdic.gov/quarterly-banking-profile", waiting until "networkidle"

2025-06-21 22:41:32,008 - crawler - ERROR - Error generating PDF from https://www.fdic.gov/news/board-matters: Page.goto: Timeout 30000ms exceeded.
Call log:
  - navigating to "https://www.fdic.gov/news/board-matters", waiting until "networkidle"

2025-06-21 22:41:32,064 - crawler - ERROR - Error generating PDF from https://www.fdic.gov/resources/deposit-insurance: Page.goto: Timeout 30000ms exceeded.
Call log:
  - navigating to "https://www.fdic.gov/resources/deposit-insurance", waiting until "networkidle"

2025-06-21 22:41:32,143 - crawler - INFO - Successfully generated PDF from https://www.fdic.gov/consumer-research to /home/user/projects/personal/website-crawler/storage/html_pdfs/www.fdic.gov_consumer-research_20250621_224057.pdf
2025-06-21 22:41:32,619 - crawler - INFO - Successfully generated PDF from https://www.fdic.gov/quarterly-banking-profile/fdic-quarterly-banking-profile-third-quarter-2024 to /home/user/projects/personal/website-crawler/storage/html_pdfs/www.fdic.gov_quarterly-banking-profile_fdic-quarterly-banking-profile-third-quarter-2024_20250621_224058.pdf
2025-06-21 22:41:33,069 - crawler - INFO - Successfully generated PDF from https://www.fdic.gov/banker-resource-center to /home/user/projects/personal/website-crawler/storage/html_pdfs/www.fdic.gov_banker-resource-center_20250621_224058.pdf
2025-06-21 22:41:33,100 - crawler - INFO - Crawl job completed successfully
2025-06-21 22:45:22,082 - crawler - INFO - Shutting down FDIC Crawler application
2025-06-21 22:45:22,082 - crawler - INFO - Scheduler shutdown
